#############  G4DS Log File  #############

------------------------------------------
                   G4DS                   

     The Dark Side Geant4 Simulator        
------------------------------------------


------------------------------------------
                   Input                  
------------------------------------------

##########################################################
#                                                        #
#       DS20K Neutron Veto Optics Simulation             #
#                                                        #
##########################################################


#PreInit:

#  Define the level of verbosity of messages
# options: debugging, development, trace, routine, warning, error
# default: routine
/ds/manager/log development
/ds/manager/verbosity 0
/ds/manager/checkoverlap 1
/ds/manager/eventcounter 1
/ds/manager/writephotons 0
/ds/manager/writedeposits 1
/ds/manager/writedaughters 0


#Visual
/vis/open OGL 600x600-0+0
/vis/viewer/set/autoRefresh false
/vis/verbose errors
/vis/viewer/set/style wireframe
/vis/viewer/set/viewpointThetaPhi 105 165 deg
/vis/scene/add/trajectories smooth
/vis/scene/endOfEventAction accumulate

# Detector configurations:
# ds50_full ds50_tpc_veto ds50_tpc ds20k ds20k_tpc dsproto dsproto0 red_tpc dart ardm tester

/ds/detector/configuration ds20k

# TPC configuration: GdPMMA, PurePMMA, Hybrid
/ds/detector/TPCconfiguration Hybrid

#DS20k: approximated number of vPDUs in the Veto. "100" is the default and it will build 120 vPDUs
/ds/detector/ds20k_SiPMsNumber 100

#(de)activate the scintillation in the LAr veto with (0 or) 1
/ds/detector/vetoyieldfactor 0

#activate the actual placement of the vPDUs
/ds/detector/ds20k_SiPMs 1

# Define output file name
/run/filename outDS20k_veto_optics

# Define  random seed
/run/heprandomseed 127667

#Define the hadronic physics list (none QGSP_BERT_HP QGSP_BIC_HP FTF_BIC_HP FTFP_BERT_HP)
/ds/physics/hadronic_list none

#Define the EM physics list (standard livermore)
/ds/physics/em_list livermore

/ds/physics/tuned200V   1
/ds/physics/killS1S2 1

#-----------------------------------
/run/initialize
#-----------------------------------

#PostInit:
/ds/generator/select G4Gun

/ds/generator/particle geantino
/ds/generator/energy 0.3 MeV

#/ds/generator/sphere_7m 1
#/ds/generator/energyfile spectrum.dat

#argonbufferoutside is the UAr volume filling the Ti vessel outside the TPC
#/ds/generator/argonbufferoutside 1
#/ds/generator/bgd_reflector 1
#/ds/generator/plasticscintillator 1
#/ds/generator/bgd_veto_sipm 1
#/ds/generator/dune_cryo_foam 1
#/ds/generator/bgd_titanium_vessel 1
#/ds/generator/TPCbarrel 1
#/ds/generator/OPsAcrylic 1
#/ds/generator/anode 1
#/ds/generator/cathode 1
#/ds/generator/physvolume GridSupport
#/ds/generator/bgd_gridSupport 1
#/ds/generator/steel_structure 1

/ds/generator/position  0 0 0 cm
/ds/generator/direction 0 0 1 

# Define the number of events
/run/beamOn 1

/ds/generator/position  0 0 0 cm
/ds/generator/direction 0 0 -1 

# Define the number of events
/run/beamOn 1

#/ds/generator/position  0 0 0 cm
#/ds/generator/direction 1 0 0
# Define the number of events
#/run/beamOn 1
  

#/ds/generator/position  0 0 0 cm
#/ds/generator/direction 1 0 0 

# Define the number of events
#/run/beamOn 15000


#/ds/generator/position  0 0 0 cm
#/ds/generator/direction 1 0 0

# Define the number of events
#/run/beamOn 1

/vis/viewer/set/autoRefresh true                                                                                                
/vis/verbose warnings
/vis/drawVolume worlds


------------------------------------------
                   Output                 
------------------------------------------

Routine:/storage/gpfs_ds50/darkside/users/mattrossi/MC/hybrid/g4ds11/src/DSDetectorConstruction.cc(88):Thu Apr  4 20:56:40 2024

Routine:/storage/gpfs_ds50/darkside/users/mattrossi/MC/hybrid/g4ds11/src/DSManagerMessenger.cc(148): Trace Verbosity: 0
Routine:/storage/gpfs_ds50/darkside/users/mattrossi/MC/hybrid/g4ds11/src/DSManagerMessenger.cc(112): Check Volume Overlaps: 1
Routine:/storage/gpfs_ds50/darkside/users/mattrossi/MC/hybrid/g4ds11/src/DSManagerMessenger.cc(139): Event Counter: 1
Routine:/storage/gpfs_ds50/darkside/users/mattrossi/MC/hybrid/g4ds11/src/DSManagerMessenger.cc(124): Write photons: 0
Routine:/storage/gpfs_ds50/darkside/users/mattrossi/MC/hybrid/g4ds11/src/DSManagerMessenger.cc(127): Write deposits: 1
Routine:/storage/gpfs_ds50/darkside/users/mattrossi/MC/hybrid/g4ds11/src/DSManagerMessenger.cc(133): Write daughters: 0
Routine:/storage/gpfs_ds50/darkside/users/mattrossi/MC/hybrid/g4ds11/src/DSDetectorConstructionMessenger.cc(458):Detector Configuration: ds20k
Routine:/storage/gpfs_ds50/darkside/users/mattrossi/MC/hybrid/g4ds11/src/DSDetectorConstructionMessenger.cc(819):TPC Configuration: Hybrid
Routine:/storage/gpfs_ds50/darkside/users/mattrossi/MC/hybrid/g4ds11/src/DSDetectorConstructionMessenger.cc(761):Required number of SiPMs: 100
Routine:/storage/gpfs_ds50/darkside/users/mattrossi/MC/hybrid/g4ds11/src/DSDetectorConstructionMessenger.cc(534):Veto Yield Factor: 0
Routine:/storage/gpfs_ds50/darkside/users/mattrossi/MC/hybrid/g4ds11/src/DSDetectorConstructionMessenger.cc(757):Build and place SiPMs: 1
Trace:/storage/gpfs_ds50/darkside/users/mattrossi/MC/hybrid/g4ds11/src/DSRunActionMessenger.cc(129):HepRandom seed set to: 127667
Routine:/storage/gpfs_ds50/darkside/users/mattrossi/MC/hybrid/g4ds11/src/DSPhysicsListMessenger.cc(83): Hadronic List: none
Routine:/storage/gpfs_ds50/darkside/users/mattrossi/MC/hybrid/g4ds11/src/DSPhysicsListMessenger.cc(87): EM List: livermore
Routine:/storage/gpfs_ds50/darkside/users/mattrossi/MC/hybrid/g4ds11/src/DSPhysicsListMessenger.cc(118): Tuned S1 and S2 at 200 V/cm: 1
Routine:/storage/gpfs_ds50/darkside/users/mattrossi/MC/hybrid/g4ds11/src/DSPhysicsListMessenger.cc(96): Kill S1 and S2 Light: 1
Routine:/storage/gpfs_ds50/darkside/users/mattrossi/MC/hybrid/g4ds11/src/DSIO.cc(155):Geometry Input File Closed
Trace:/storage/gpfs_ds50/darkside/users/mattrossi/MC/hybrid/g4ds11/src/DSParameters.cc(155):Detector Geometry loaded
Trace:/storage/gpfs_ds50/darkside/users/mattrossi/MC/hybrid/g4ds11/src/DSParameters.cc(401):Detector Properties loaded
Trace:/storage/gpfs_ds50/darkside/users/mattrossi/MC/hybrid/g4ds11/src/DSParameters.cc(412):TPC PMT Q.E. loaded.
Routine:/storage/gpfs_ds50/darkside/users/mattrossi/MC/hybrid/g4ds11/src/DSIO.cc(264):Cryostat Profile Input File Closed
Routine:/storage/gpfs_ds50/darkside/users/mattrossi/MC/hybrid/g4ds11/src/DSParameters.cc(159):Reading LSV PMT Geometry from file: 
Routine:/storage/gpfs_ds50/darkside/users/mattrossi/MC/hybrid/g4ds11/src/DSParameters.cc(169):Reading LSV PMT Geometry for DS-50 
Routine:/storage/gpfs_ds50/darkside/users/mattrossi/MC/hybrid/g4ds11/src/DSIO.cc(246):Veto PMT Geometry Input File Closed
Trace:/storage/gpfs_ds50/darkside/users/mattrossi/MC/hybrid/g4ds11/src/DSParameters.cc(503): LS Birks Constant for Betas: 0.0109 cm/MeV
Trace:/storage/gpfs_ds50/darkside/users/mattrossi/MC/hybrid/g4ds11/src/DSParameters.cc(506): LS Birks Constant for Alphas: 0.0218 cm/MeV
Trace:/storage/gpfs_ds50/darkside/users/mattrossi/MC/hybrid/g4ds11/src/DSParameters.cc(509): LS Birks Constant for Protons: 0.0109 cm/MeV
Routine:/storage/gpfs_ds50/darkside/users/mattrossi/MC/hybrid/g4ds11/src/DSIO.cc(192):LSV Optics Input File Closed
Routine:/storage/gpfs_ds50/darkside/users/mattrossi/MC/hybrid/g4ds11/src/DSIO.cc(308):PC Attenuation Length Input File Closed
Routine:/storage/gpfs_ds50/darkside/users/mattrossi/MC/hybrid/g4ds11/src/DSIO.cc(327):PPO Attenuation Length Input File Closed
Routine:/storage/gpfs_ds50/darkside/users/mattrossi/MC/hybrid/g4ds11/src/DSIO.cc(346):TMB Attenuation Length Input File Closed
Routine:/storage/gpfs_ds50/darkside/users/mattrossi/MC/hybrid/g4ds11/src/DSIO.cc(289):PC Refraction Index Input File Closed
Routine:/storage/gpfs_ds50/darkside/users/mattrossi/MC/hybrid/g4ds11/src/DSIO.cc(365):Lumirror Reflectivity Input File Closed
Routine:/storage/gpfs_ds50/darkside/users/mattrossi/MC/hybrid/g4ds11/src/DSIO.cc(384):DS50 Veto PMT Quantum Efficiency Input File Closed
Routine:/storage/gpfs_ds50/darkside/users/mattrossi/MC/hybrid/g4ds11/src/DSParameters.cc(811):LSV Optics Properties loaded
Routine:/storage/gpfs_ds50/darkside/users/mattrossi/MC/hybrid/g4ds11/src/DSIO.cc(173):Optics Input File Closed
Trace:/storage/gpfs_ds50/darkside/users/mattrossi/MC/hybrid/g4ds11/src/DSParameters.cc(380):#######    Detector Optics loaded      #######
Develop:/storage/gpfs_ds50/darkside/users/mattrossi/MC/hybrid/g4ds11/src/DSMaterial.cc(1825):----------------------------------------
Develop:/storage/gpfs_ds50/darkside/users/mattrossi/MC/hybrid/g4ds11/src/DSMaterial.cc(1826):              Material indexes          
Develop:/storage/gpfs_ds50/darkside/users/mattrossi/MC/hybrid/g4ds11/src/DSMaterial.cc(1827):----------------------------------------
Routine:/storage/gpfs_ds50/darkside/users/mattrossi/MC/hybrid/g4ds11/src/DSMaterial.cc(1831):PC: 0
Routine:/storage/gpfs_ds50/darkside/users/mattrossi/MC/hybrid/g4ds11/src/DSMaterial.cc(1831):TMB: 1
Routine:/storage/gpfs_ds50/darkside/users/mattrossi/MC/hybrid/g4ds11/src/DSMaterial.cc(1831):BoronScintillator: 2
Routine:/storage/gpfs_ds50/darkside/users/mattrossi/MC/hybrid/g4ds11/src/DSMaterial.cc(1831):Air: 3
Routine:/storage/gpfs_ds50/darkside/users/mattrossi/MC/hybrid/g4ds11/src/DSMaterial.cc(1831):Vacuum: 4
Routine:/storage/gpfs_ds50/darkside/users/mattrossi/MC/hybrid/g4ds11/src/DSMaterial.cc(1831):PPO: 5
Routine:/storage/gpfs_ds50/darkside/users/mattrossi/MC/hybrid/g4ds11/src/DSMaterial.cc(1831):DMP: 6
Routine:/storage/gpfs_ds50/darkside/users/mattrossi/MC/hybrid/g4ds11/src/DSMaterial.cc(1831):Acrylic: 7
Routine:/storage/gpfs_ds50/darkside/users/mattrossi/MC/hybrid/g4ds11/src/DSMaterial.cc(1831):LiquidArgon: 8
Routine:/storage/gpfs_ds50/darkside/users/mattrossi/MC/hybrid/g4ds11/src/DSMaterial.cc(1831):PseudoArgon: 9
Routine:/storage/gpfs_ds50/darkside/users/mattrossi/MC/hybrid/g4ds11/src/DSMaterial.cc(1831):NSLiquidArgon: 10
Routine:/storage/gpfs_ds50/darkside/users/mattrossi/MC/hybrid/g4ds11/src/DSMaterial.cc(1831):GaseousArgon: 11
Routine:/storage/gpfs_ds50/darkside/users/mattrossi/MC/hybrid/g4ds11/src/DSMaterial.cc(1831):LiquidXenon: 12
Routine:/storage/gpfs_ds50/darkside/users/mattrossi/MC/hybrid/g4ds11/src/DSMaterial.cc(1831):GaseousXenon: 13
Routine:/storage/gpfs_ds50/darkside/users/mattrossi/MC/hybrid/g4ds11/src/DSMaterial.cc(1831):Steel: 14
Routine:/storage/gpfs_ds50/darkside/users/mattrossi/MC/hybrid/g4ds11/src/DSMaterial.cc(1831):StainlessSteel: 15
Routine:/storage/gpfs_ds50/darkside/users/mattrossi/MC/hybrid/g4ds11/src/DSMaterial.cc(1831):GridSteel: 16
Routine:/storage/gpfs_ds50/darkside/users/mattrossi/MC/hybrid/g4ds11/src/DSMaterial.cc(1831):Water: 17
Routine:/storage/gpfs_ds50/darkside/users/mattrossi/MC/hybrid/g4ds11/src/DSMaterial.cc(1831):MetalLead: 18
Routine:/storage/gpfs_ds50/darkside/users/mattrossi/MC/hybrid/g4ds11/src/DSMaterial.cc(1831):Teflon: 19
Routine:/storage/gpfs_ds50/darkside/users/mattrossi/MC/hybrid/g4ds11/src/DSMaterial.cc(1831):Rock: 20
Routine:/storage/gpfs_ds50/darkside/users/mattrossi/MC/hybrid/g4ds11/src/DSMaterial.cc(1831):Norite: 21
Routine:/storage/gpfs_ds50/darkside/users/mattrossi/MC/hybrid/g4ds11/src/DSMaterial.cc(1831):HDPE: 22
Routine:/storage/gpfs_ds50/darkside/users/mattrossi/MC/hybrid/g4ds11/src/DSMaterial.cc(1831):Styrofoam: 23
Routine:/storage/gpfs_ds50/darkside/users/mattrossi/MC/hybrid/g4ds11/src/DSMaterial.cc(1831):MetalCopper: 24
Routine:/storage/gpfs_ds50/darkside/users/mattrossi/MC/hybrid/g4ds11/src/DSMaterial.cc(1831):MetalCopperCryo: 25
Routine:/storage/gpfs_ds50/darkside/users/mattrossi/MC/hybrid/g4ds11/src/DSMaterial.cc(1831):MetalTitanium: 26
Routine:/storage/gpfs_ds50/darkside/users/mattrossi/MC/hybrid/g4ds11/src/DSMaterial.cc(1831):ShipSteel: 27
Routine:/storage/gpfs_ds50/darkside/users/mattrossi/MC/hybrid/g4ds11/src/DSMaterial.cc(1831):TPB: 28
Routine:/storage/gpfs_ds50/darkside/users/mattrossi/MC/hybrid/g4ds11/src/DSMaterial.cc(1831):ThreeMFoil: 29
Routine:/storage/gpfs_ds50/darkside/users/mattrossi/MC/hybrid/g4ds11/src/DSMaterial.cc(1831):FusedSilica: 30
Routine:/storage/gpfs_ds50/darkside/users/mattrossi/MC/hybrid/g4ds11/src/DSMaterial.cc(1831):SodiumIodide: 31
Routine:/storage/gpfs_ds50/darkside/users/mattrossi/MC/hybrid/g4ds11/src/DSMaterial.cc(1831):ITO: 32
Routine:/storage/gpfs_ds50/darkside/users/mattrossi/MC/hybrid/g4ds11/src/DSMaterial.cc(1831):LiquidNitrogen: 33
Routine:/storage/gpfs_ds50/darkside/users/mattrossi/MC/hybrid/g4ds11/src/DSMaterial.cc(1831):GaseousNitrogen: 34
Routine:/storage/gpfs_ds50/darkside/users/mattrossi/MC/hybrid/g4ds11/src/DSMaterial.cc(1831):Kovar: 35
Routine:/storage/gpfs_ds50/darkside/users/mattrossi/MC/hybrid/g4ds11/src/DSMaterial.cc(1831):Bialkali: 36
Routine:/storage/gpfs_ds50/darkside/users/mattrossi/MC/hybrid/g4ds11/src/DSMaterial.cc(1831):Kapton: 37
Routine:/storage/gpfs_ds50/darkside/users/mattrossi/MC/hybrid/g4ds11/src/DSMaterial.cc(1831):Concrete: 38
Routine:/storage/gpfs_ds50/darkside/users/mattrossi/MC/hybrid/g4ds11/src/DSMaterial.cc(1831):Aluminum: 39
Routine:/storage/gpfs_ds50/darkside/users/mattrossi/MC/hybrid/g4ds11/src/DSMaterial.cc(1831):Glass: 40
Routine:/storage/gpfs_ds50/darkside/users/mattrossi/MC/hybrid/g4ds11/src/DSMaterial.cc(1831):Nylon: 41
Routine:/storage/gpfs_ds50/darkside/users/mattrossi/MC/hybrid/g4ds11/src/DSMaterial.cc(1831):NylonL: 42
Routine:/storage/gpfs_ds50/darkside/users/mattrossi/MC/hybrid/g4ds11/src/DSMaterial.cc(1831):Bialkali: 43
Routine:/storage/gpfs_ds50/darkside/users/mattrossi/MC/hybrid/g4ds11/src/DSMaterial.cc(1831):Paint: 44
Routine:/storage/gpfs_ds50/darkside/users/mattrossi/MC/hybrid/g4ds11/src/DSMaterial.cc(1831):BorexScintillator: 45
Routine:/storage/gpfs_ds50/darkside/users/mattrossi/MC/hybrid/g4ds11/src/DSMaterial.cc(1831):BorexScintillator1: 46
Routine:/storage/gpfs_ds50/darkside/users/mattrossi/MC/hybrid/g4ds11/src/DSMaterial.cc(1831):BorexScintillator2: 47
Routine:/storage/gpfs_ds50/darkside/users/mattrossi/MC/hybrid/g4ds11/src/DSMaterial.cc(1831):DMPbuffer: 48
Routine:/storage/gpfs_ds50/darkside/users/mattrossi/MC/hybrid/g4ds11/src/DSMaterial.cc(1831):Quartz: 49
Routine:/storage/gpfs_ds50/darkside/users/mattrossi/MC/hybrid/g4ds11/src/DSMaterial.cc(1831):Beryllium: 50
Routine:/storage/gpfs_ds50/darkside/users/mattrossi/MC/hybrid/g4ds11/src/DSMaterial.cc(1831):Derlin: 51
Routine:/storage/gpfs_ds50/darkside/users/mattrossi/MC/hybrid/g4ds11/src/DSMaterial.cc(1831):BlackHole: 52
Routine:/storage/gpfs_ds50/darkside/users/mattrossi/MC/hybrid/g4ds11/src/DSMaterial.cc(1831):fGdOxide: 53
Routine:/storage/gpfs_ds50/darkside/users/mattrossi/MC/hybrid/g4ds11/src/DSMaterial.cc(1831):GdScintillator: 54
Routine:/storage/gpfs_ds50/darkside/users/mattrossi/MC/hybrid/g4ds11/src/DSMaterial.cc(1831):GdWater: 55
Routine:/storage/gpfs_ds50/darkside/users/mattrossi/MC/hybrid/g4ds11/src/DSMaterial.cc(1831):MetalSilicon: 56
Routine:/storage/gpfs_ds50/darkside/users/mattrossi/MC/hybrid/g4ds11/src/DSMaterial.cc(1831):BoroSilicateGlass: 57
Routine:/storage/gpfs_ds50/darkside/users/mattrossi/MC/hybrid/g4ds11/src/DSMaterial.cc(1831):FakePhotocathode: 58
Routine:/storage/gpfs_ds50/darkside/users/mattrossi/MC/hybrid/g4ds11/src/DSMaterial.cc(1831):ClLi: 59
Routine:/storage/gpfs_ds50/darkside/users/mattrossi/MC/hybrid/g4ds11/src/DSMaterial.cc(1831):NatClLi: 60
Routine:/storage/gpfs_ds50/darkside/users/mattrossi/MC/hybrid/g4ds11/src/DSMaterial.cc(1831):OrtoCarb: 61
Routine:/storage/gpfs_ds50/darkside/users/mattrossi/MC/hybrid/g4ds11/src/DSMaterial.cc(1831):Li6Scintillator: 62
Routine:/storage/gpfs_ds50/darkside/users/mattrossi/MC/hybrid/g4ds11/src/DSMaterial.cc(1831):NatLi6Scintillator: 63
Routine:/storage/gpfs_ds50/darkside/users/mattrossi/MC/hybrid/g4ds11/src/DSMaterial.cc(1831):OrtoCarbScintillator: 64
Routine:/storage/gpfs_ds50/darkside/users/mattrossi/MC/hybrid/g4ds11/src/DSMaterial.cc(1831):GdAcrylic: 65
Routine:/storage/gpfs_ds50/darkside/users/mattrossi/MC/hybrid/g4ds11/src/DSMaterial.cc(1831):IVLiquidArgon: 66
Routine:/storage/gpfs_ds50/darkside/users/mattrossi/MC/hybrid/g4ds11/src/DSMaterial.cc(1831):Naphthalene: 67
Routine:/storage/gpfs_ds50/darkside/users/mattrossi/MC/hybrid/g4ds11/src/DSMaterial.cc(1831):Altustipe: 68
Routine:/storage/gpfs_ds50/darkside/users/mattrossi/MC/hybrid/g4ds11/src/DSMaterial.cc(1831):BC454: 69
Routine:/storage/gpfs_ds50/darkside/users/mattrossi/MC/hybrid/g4ds11/src/DSMaterial.cc(1831):PlyWood: 70
Routine:/storage/gpfs_ds50/darkside/users/mattrossi/MC/hybrid/g4ds11/src/DSMaterial.cc(1831):InsulatingFoam: 71
Routine:/storage/gpfs_ds50/darkside/users/mattrossi/MC/hybrid/g4ds11/src/DSMaterial.cc(1831):LiquidArgonPlasticVeto: 72
Routine:/storage/gpfs_ds50/darkside/users/mattrossi/MC/hybrid/g4ds11/src/DSMaterial.cc(1831):AcrylicDART: 73
Routine:/storage/gpfs_ds50/darkside/users/mattrossi/MC/hybrid/g4ds11/src/DSMaterial.cc(1831):ReflectorAcrylic: 74
Routine:/storage/gpfs_ds50/darkside/users/mattrossi/MC/hybrid/g4ds11/src/DSMaterial.cc(1831):Methane: 75
Routine:/storage/gpfs_ds50/darkside/users/mattrossi/MC/hybrid/g4ds11/src/DSMaterial.cc(1831):OVLiquidArgon: 76
Routine:/storage/gpfs_ds50/darkside/users/mattrossi/MC/hybrid/g4ds11/src/DSMaterial.cc(1831):XeLiquidArgon: 77
Routine:/storage/gpfs_ds50/darkside/users/mattrossi/MC/hybrid/g4ds11/src/DSMaterial.cc(1831):Invar: 78
Routine:/storage/gpfs_ds50/darkside/users/mattrossi/MC/hybrid/g4ds11/src/DSMaterial.cc(1831):Arlon: 79
Routine:/storage/gpfs_ds50/darkside/users/mattrossi/MC/hybrid/g4ds11/src/DSMaterial.cc(1831):MetalTungsten: 80
Routine:/storage/gpfs_ds50/darkside/users/mattrossi/MC/hybrid/g4ds11/src/DSMaterial.cc(1831):MetalTantalum: 81
Routine:/storage/gpfs_ds50/darkside/users/mattrossi/MC/hybrid/g4ds11/src/DSMaterial.cc(1831):PEN: 82
Routine:/storage/gpfs_ds50/darkside/users/mattrossi/MC/hybrid/g4ds11/src/DSMaterial.cc(1831):InsulatingFoamRoof: 83
Routine:/storage/gpfs_ds50/darkside/users/mattrossi/MC/hybrid/g4ds11/src/DSMaterial.cc(1831):BariumFluoride: 84
Routine:/storage/gpfs_ds50/darkside/users/mattrossi/MC/hybrid/g4ds11/src/DSMaterial.cc(1831):BariumFluoride_1: 85
Routine:/storage/gpfs_ds50/darkside/users/mattrossi/MC/hybrid/g4ds11/src/DSMaterial.cc(1831):BariumFluoride_2: 86
Routine:/storage/gpfs_ds50/darkside/users/mattrossi/MC/hybrid/g4ds11/src/DSMaterial.cc(1831):Ceramic: 87
Routine:/storage/gpfs_ds50/darkside/users/mattrossi/MC/hybrid/g4ds11/src/DSMaterial.cc(1831):Carbon: 88
Routine:/storage/gpfs_ds50/darkside/users/mattrossi/MC/hybrid/g4ds11/src/DSMaterial.cc(1831):Germanium: 89
Routine:/storage/gpfs_ds50/darkside/users/mattrossi/MC/hybrid/g4ds11/src/DSMaterial.cc(1831):ESR: 90
Routine:/storage/gpfs_ds50/darkside/users/mattrossi/MC/hybrid/g4ds11/src/DSMaterial.cc(1831):ArlonPrepreg: 91
Routine:/storage/gpfs_ds50/darkside/users/mattrossi/MC/hybrid/g4ds11/src/DSMaterial.cc(1831):LArAboveGrid: 92
Develop:/storage/gpfs_ds50/darkside/users/mattrossi/MC/hybrid/g4ds11/src/DSMaterial.cc(1845):----------------------------------------
Routine:/storage/gpfs_ds50/darkside/users/mattrossi/MC/hybrid/g4ds11/src/DSDetectorConstruction.cc(163): Detector Configuration - DS20k: 4
Routine:/storage/gpfs_ds50/darkside/users/mattrossi/MC/hybrid/g4ds11/src/DSDetectorDuneCryostat.cc(31): Constructing Dune Cryostat Geometry
Routine:/storage/gpfs_ds50/darkside/users/mattrossi/MC/hybrid/g4ds11/src/DSDetectorDS20kNeutronVeto.cc(30): Constructing DS20k NeutronVeto Geometry
Routine:/storage/gpfs_ds50/darkside/users/mattrossi/MC/hybrid/g4ds11/src/DSDetectorDS20k.cc(50): Constructing DS20k Geometry
Develop:/storage/gpfs_ds50/darkside/users/mattrossi/MC/hybrid/g4ds11/src/DSDetectorConstruction.cc(234): LAr - GAr boundary z coordinate set to: 175.25 cm
Routine:/storage/gpfs_ds50/darkside/users/mattrossi/MC/hybrid/g4ds11/src/DSPhysicsList.cc(102):Livermore EM Physics List Active
Routine:/storage/gpfs_ds50/darkside/users/mattrossi/MC/hybrid/g4ds11/src/DSPhysicsList.cc(108):Optical Physics Active with verbosity = 0
Routine:/storage/gpfs_ds50/darkside/users/mattrossi/MC/hybrid/g4ds11/src/DSLight3.cc(502): MeanQuantaEnergy: 1.95e-05
Routine:/storage/gpfs_ds50/darkside/users/mattrossi/MC/hybrid/g4ds11/src/DSLight3.cc(506): S1ScaleFactor: 0.94116
Routine:/storage/gpfs_ds50/darkside/users/mattrossi/MC/hybrid/g4ds11/src/DSLight3.cc(510): S2Yield: 273.2
Routine:/storage/gpfs_ds50/darkside/users/mattrossi/MC/hybrid/g4ds11/src/DSLight3.cc(522): LindhardFactor: 0.25
Routine:/storage/gpfs_ds50/darkside/users/mattrossi/MC/hybrid/g4ds11/src/DSLight3.cc(514): ExcitationRatioER: 0.21
Routine:/storage/gpfs_ds50/darkside/users/mattrossi/MC/hybrid/g4ds11/src/DSLight3.cc(518): ExcitationRatioNR: 1
Routine:/storage/gpfs_ds50/darkside/users/mattrossi/MC/hybrid/g4ds11/src/DSLight3.cc(526): PhotonEneMean: 9.69e-06
Routine:/storage/gpfs_ds50/darkside/users/mattrossi/MC/hybrid/g4ds11/src/DSLight3.cc(530): PhotonEneWidth: 2.2e-07
Routine:/storage/gpfs_ds50/darkside/users/mattrossi/MC/hybrid/g4ds11/src/DSLight3.cc(534): D_T: 1.5e-06
Routine:/storage/gpfs_ds50/darkside/users/mattrossi/MC/hybrid/g4ds11/src/DSLight3.cc(538): D_L: 4.8e-07
Routine:/storage/gpfs_ds50/darkside/users/mattrossi/MC/hybrid/g4ds11/src/DSLight3.cc(542): Sigma0_Sq: 4.8e-07
Routine:/storage/gpfs_ds50/darkside/users/mattrossi/MC/hybrid/g4ds11/src/DSLight3.cc(546): LArTauFast: 6
Routine:/storage/gpfs_ds50/darkside/users/mattrossi/MC/hybrid/g4ds11/src/DSLight3.cc(550): LArTauSlow: 1600
Routine:/storage/gpfs_ds50/darkside/users/mattrossi/MC/hybrid/g4ds11/src/DSLight3.cc(554): GArTauFast: 11
Routine:/storage/gpfs_ds50/darkside/users/mattrossi/MC/hybrid/g4ds11/src/DSLight3.cc(558): GArTauSlow: 3200
Routine:/storage/gpfs_ds50/darkside/users/mattrossi/MC/hybrid/g4ds11/src/DSLight3.cc(570): GArSingletToTriplet: 0.09
Routine:/storage/gpfs_ds50/darkside/users/mattrossi/MC/hybrid/g4ds11/src/DSLight3.cc(562): TauReco: 0.8
Routine:/storage/gpfs_ds50/darkside/users/mattrossi/MC/hybrid/g4ds11/src/DSLight3.cc(566): TaueLAr: 1.58e+07
Routine:/storage/gpfs_ds50/darkside/users/mattrossi/MC/hybrid/g4ds11/src/DSLight3.cc(502): MeanQuantaEnergy: 1.95e-05
Routine:/storage/gpfs_ds50/darkside/users/mattrossi/MC/hybrid/g4ds11/src/DSLight3.cc(506): S1ScaleFactor: 0.94116
Routine:/storage/gpfs_ds50/darkside/users/mattrossi/MC/hybrid/g4ds11/src/DSLight3.cc(510): S2Yield: 273.2
Routine:/storage/gpfs_ds50/darkside/users/mattrossi/MC/hybrid/g4ds11/src/DSLight3.cc(522): LindhardFactor: 0.25
Routine:/storage/gpfs_ds50/darkside/users/mattrossi/MC/hybrid/g4ds11/src/DSLight3.cc(514): ExcitationRatioER: 0.21
Routine:/storage/gpfs_ds50/darkside/users/mattrossi/MC/hybrid/g4ds11/src/DSLight3.cc(518): ExcitationRatioNR: 1
Routine:/storage/gpfs_ds50/darkside/users/mattrossi/MC/hybrid/g4ds11/src/DSLight3.cc(526): PhotonEneMean: 9.69e-06
Routine:/storage/gpfs_ds50/darkside/users/mattrossi/MC/hybrid/g4ds11/src/DSLight3.cc(530): PhotonEneWidth: 2.2e-07
Routine:/storage/gpfs_ds50/darkside/users/mattrossi/MC/hybrid/g4ds11/src/DSLight3.cc(534): D_T: 1.5e-06
Routine:/storage/gpfs_ds50/darkside/users/mattrossi/MC/hybrid/g4ds11/src/DSLight3.cc(538): D_L: 4.8e-07
Routine:/storage/gpfs_ds50/darkside/users/mattrossi/MC/hybrid/g4ds11/src/DSLight3.cc(542): Sigma0_Sq: 4.8e-07
Routine:/storage/gpfs_ds50/darkside/users/mattrossi/MC/hybrid/g4ds11/src/DSLight3.cc(546): LArTauFast: 6
Routine:/storage/gpfs_ds50/darkside/users/mattrossi/MC/hybrid/g4ds11/src/DSLight3.cc(550): LArTauSlow: 1600
Routine:/storage/gpfs_ds50/darkside/users/mattrossi/MC/hybrid/g4ds11/src/DSLight3.cc(554): GArTauFast: 11
Routine:/storage/gpfs_ds50/darkside/users/mattrossi/MC/hybrid/g4ds11/src/DSLight3.cc(558): GArTauSlow: 3200
Routine:/storage/gpfs_ds50/darkside/users/mattrossi/MC/hybrid/g4ds11/src/DSLight3.cc(570): GArSingletToTriplet: 0.09
Routine:/storage/gpfs_ds50/darkside/users/mattrossi/MC/hybrid/g4ds11/src/DSLight3.cc(562): TauReco: 0.8
Routine:/storage/gpfs_ds50/darkside/users/mattrossi/MC/hybrid/g4ds11/src/DSLight3.cc(566): TaueLAr: 1.58e+07
Routine:/storage/gpfs_ds50/darkside/users/mattrossi/MC/hybrid/g4ds11/src/DSLight3.cc(502): MeanQuantaEnergy: 1.95e-05
Routine:/storage/gpfs_ds50/darkside/users/mattrossi/MC/hybrid/g4ds11/src/DSLight3.cc(506): S1ScaleFactor: 0.94116
Routine:/storage/gpfs_ds50/darkside/users/mattrossi/MC/hybrid/g4ds11/src/DSLight3.cc(510): S2Yield: 273.2
Routine:/storage/gpfs_ds50/darkside/users/mattrossi/MC/hybrid/g4ds11/src/DSLight3.cc(522): LindhardFactor: 0.25
Routine:/storage/gpfs_ds50/darkside/users/mattrossi/MC/hybrid/g4ds11/src/DSLight3.cc(514): ExcitationRatioER: 0.21
Routine:/storage/gpfs_ds50/darkside/users/mattrossi/MC/hybrid/g4ds11/src/DSLight3.cc(518): ExcitationRatioNR: 1
Routine:/storage/gpfs_ds50/darkside/users/mattrossi/MC/hybrid/g4ds11/src/DSLight3.cc(526): PhotonEneMean: 9.69e-06
Routine:/storage/gpfs_ds50/darkside/users/mattrossi/MC/hybrid/g4ds11/src/DSLight3.cc(530): PhotonEneWidth: 2.2e-07
Routine:/storage/gpfs_ds50/darkside/users/mattrossi/MC/hybrid/g4ds11/src/DSLight3.cc(534): D_T: 1.5e-06
Routine:/storage/gpfs_ds50/darkside/users/mattrossi/MC/hybrid/g4ds11/src/DSLight3.cc(538): D_L: 4.8e-07
Routine:/storage/gpfs_ds50/darkside/users/mattrossi/MC/hybrid/g4ds11/src/DSLight3.cc(542): Sigma0_Sq: 4.8e-07
Routine:/storage/gpfs_ds50/darkside/users/mattrossi/MC/hybrid/g4ds11/src/DSLight3.cc(546): LArTauFast: 6
Routine:/storage/gpfs_ds50/darkside/users/mattrossi/MC/hybrid/g4ds11/src/DSLight3.cc(550): LArTauSlow: 1600
Routine:/storage/gpfs_ds50/darkside/users/mattrossi/MC/hybrid/g4ds11/src/DSLight3.cc(554): GArTauFast: 11
Routine:/storage/gpfs_ds50/darkside/users/mattrossi/MC/hybrid/g4ds11/src/DSLight3.cc(558): GArTauSlow: 3200
Routine:/storage/gpfs_ds50/darkside/users/mattrossi/MC/hybrid/g4ds11/src/DSLight3.cc(570): GArSingletToTriplet: 0.09
Routine:/storage/gpfs_ds50/darkside/users/mattrossi/MC/hybrid/g4ds11/src/DSLight3.cc(562): TauReco: 0.8
Routine:/storage/gpfs_ds50/darkside/users/mattrossi/MC/hybrid/g4ds11/src/DSLight3.cc(566): TaueLAr: 1.58e+07
Routine:/storage/gpfs_ds50/darkside/users/mattrossi/MC/hybrid/g4ds11/src/DSPhysicsList.cc(157):Hadronic Physics DISABLED
Routine:/storage/gpfs_ds50/darkside/users/mattrossi/MC/hybrid/g4ds11/src/DSPhysicsList.cc(696): Process Map Table - Index: 1091 ; Process Name: Transportation
Routine:/storage/gpfs_ds50/darkside/users/mattrossi/MC/hybrid/g4ds11/src/DSPhysicsList.cc(696): Process Map Table - Index: 8999 ; Process Name: DSLight3
Routine:/storage/gpfs_ds50/darkside/users/mattrossi/MC/hybrid/g4ds11/src/DSPhysicsList.cc(696): Process Map Table - Index: 6201 ; Process Name: Decay
Routine:/storage/gpfs_ds50/darkside/users/mattrossi/MC/hybrid/g4ds11/src/DSPhysicsList.cc(696): Process Map Table - Index: 7401 ; Process Name: StepLimiter
Routine:/storage/gpfs_ds50/darkside/users/mattrossi/MC/hybrid/g4ds11/src/DSPhysicsList.cc(696): Process Map Table - Index: 7402 ; Process Name: UserSpecialCut
Routine:/storage/gpfs_ds50/darkside/users/mattrossi/MC/hybrid/g4ds11/src/DSPhysicsList.cc(696): Process Map Table - Index: 2010 ; Process Name: msc
Routine:/storage/gpfs_ds50/darkside/users/mattrossi/MC/hybrid/g4ds11/src/DSPhysicsList.cc(696): Process Map Table - Index: 2002 ; Process Name: ionIoni
Routine:/storage/gpfs_ds50/darkside/users/mattrossi/MC/hybrid/g4ds11/src/DSPhysicsList.cc(696): Process Map Table - Index: 2008 ; Process Name: nuclearStopping
Routine:/storage/gpfs_ds50/darkside/users/mattrossi/MC/hybrid/g4ds11/src/DSPhysicsList.cc(696): Process Map Table - Index: 6210 ; Process Name: RadioactiveDecay
Routine:/storage/gpfs_ds50/darkside/users/mattrossi/MC/hybrid/g4ds11/src/DSPhysicsList.cc(696): Process Map Table - Index: 2003 ; Process Name: hBrems
Routine:/storage/gpfs_ds50/darkside/users/mattrossi/MC/hybrid/g4ds11/src/DSPhysicsList.cc(696): Process Map Table - Index: 2004 ; Process Name: hPairProd
Routine:/storage/gpfs_ds50/darkside/users/mattrossi/MC/hybrid/g4ds11/src/DSPhysicsList.cc(696): Process Map Table - Index: 2001 ; Process Name: CoulombScat
Routine:/storage/gpfs_ds50/darkside/users/mattrossi/MC/hybrid/g4ds11/src/DSPhysicsList.cc(696): Process Map Table - Index: 2005 ; Process Name: annihil
Routine:/storage/gpfs_ds50/darkside/users/mattrossi/MC/hybrid/g4ds11/src/DSPhysicsList.cc(696): Process Map Table - Index: 4121 ; Process Name: positronNuclear
Routine:/storage/gpfs_ds50/darkside/users/mattrossi/MC/hybrid/g4ds11/src/DSPhysicsList.cc(696): Process Map Table - Index: 2012 ; Process Name: phot
Routine:/storage/gpfs_ds50/darkside/users/mattrossi/MC/hybrid/g4ds11/src/DSPhysicsList.cc(696): Process Map Table - Index: 2013 ; Process Name: compt
Routine:/storage/gpfs_ds50/darkside/users/mattrossi/MC/hybrid/g4ds11/src/DSPhysicsList.cc(696): Process Map Table - Index: 2014 ; Process Name: conv
Routine:/storage/gpfs_ds50/darkside/users/mattrossi/MC/hybrid/g4ds11/src/DSPhysicsList.cc(696): Process Map Table - Index: 2011 ; Process Name: Rayl
Routine:/storage/gpfs_ds50/darkside/users/mattrossi/MC/hybrid/g4ds11/src/DSPhysicsList.cc(696): Process Map Table - Index: 3031 ; Process Name: OpAbsorption
Routine:/storage/gpfs_ds50/darkside/users/mattrossi/MC/hybrid/g4ds11/src/DSPhysicsList.cc(696): Process Map Table - Index: 3033 ; Process Name: OpRayleigh
Routine:/storage/gpfs_ds50/darkside/users/mattrossi/MC/hybrid/g4ds11/src/DSPhysicsList.cc(696): Process Map Table - Index: 3034 ; Process Name: OpWLS
Routine:/storage/gpfs_ds50/darkside/users/mattrossi/MC/hybrid/g4ds11/src/DSPhysicsList.cc(696): Process Map Table - Index: 3032 ; Process Name: OpBoundary
Routine:/storage/gpfs_ds50/darkside/users/mattrossi/MC/hybrid/g4ds11/src/DSPhysicsList.cc(195):Adding Options for Had Physics
Routine:/storage/gpfs_ds50/darkside/users/mattrossi/MC/hybrid/g4ds11/src/DSPhysicsList.cc(635): Default Physics Cut Set to 0.1 cm 
Routine:/storage/gpfs_ds50/darkside/users/mattrossi/MC/hybrid/g4ds11/src/DSPrimaryGeneratorActionMessenger.cc(65):Generator: G4Gun
Routine:/storage/gpfs_ds50/darkside/users/mattrossi/MC/hybrid/g4ds11/src/DSGeneratorG4Gun.cc(31):G4ParticleGun Constructed.
Routine:/storage/gpfs_ds50/darkside/users/mattrossi/MC/hybrid/g4ds11/src/DSRunAction.cc(78):********************
Routine:/storage/gpfs_ds50/darkside/users/mattrossi/MC/hybrid/g4ds11/src/DSRunAction.cc(79):*** AUTOSEED OFF ***
Routine:/storage/gpfs_ds50/darkside/users/mattrossi/MC/hybrid/g4ds11/src/DSRunAction.cc(80):********************
Routine:/storage/gpfs_ds50/darkside/users/mattrossi/MC/hybrid/g4ds11/src/DSRunAction.cc(93):Random seed: 127667
Routine:/storage/gpfs_ds50/darkside/users/mattrossi/MC/hybrid/g4ds11/src/DSRunAction.cc(106):Initialized Binary File: outDS20k_veto_optics.fil
Develop:/storage/gpfs_ds50/darkside/users/mattrossi/MC/hybrid/g4ds11/src/DSGeneratorG4Gun.cc(63):geantino Energy: 0.3 MeV; Position: (0,0,0) cm;  Direction: (0,0,1) 
Routine:/storage/gpfs_ds50/darkside/users/mattrossi/MC/hybrid/g4ds11/src/DSEventAction.cc(171):>>> Event 0;  NPE = 0;  NPE/event = 0;
Trace:/storage/gpfs_ds50/darkside/users/mattrossi/MC/hybrid/g4ds11/src/DSEventAction.cc(175):    Starting Position: (0,0,0) cm
Trace:/storage/gpfs_ds50/darkside/users/mattrossi/MC/hybrid/g4ds11/src/DSEventAction.cc(176):    Energy           : 300 keV
Trace:/storage/gpfs_ds50/darkside/users/mattrossi/MC/hybrid/g4ds11/src/DSEventAction.cc(177):    PDG              : 0
Trace:/storage/gpfs_ds50/darkside/users/mattrossi/MC/hybrid/g4ds11/src/DSEventAction.cc(179):
Trace:/storage/gpfs_ds50/darkside/users/mattrossi/MC/hybrid/g4ds11/src/DSEventAction.cc(183):
Routine:/storage/gpfs_ds50/darkside/users/mattrossi/MC/hybrid/g4ds11/src/DSIO.cc(107):Binary File Closed
