Performing C SOURCE FILE Test CMAKE_HAVE_LIBC_PTHREAD failed with the following output:
Change Dir: /storage/gpfs_ds50/darkside/users/omacfadyen/g4ds11_matteo/build/CMakeFiles/CMakeTmp

Run Build Command(s):/bin/gmake -f Makefile cmTC_cd1d3/fast && /bin/gmake  -f CMakeFiles/cmTC_cd1d3.dir/build.make CMakeFiles/cmTC_cd1d3.dir/build
gmake[1]: Entering directory `/storage/gpfs_ds50/darkside/users/omacfadyen/g4ds11_matteo/build/CMakeFiles/CMakeTmp'
Building C object CMakeFiles/cmTC_cd1d3.dir/src.c.o
/storage/gpfs_ds50/darkside/software/conda/envs/ds/bin/x86_64-conda-linux-gnu-cc -DCMAKE_HAVE_LIBC_PTHREAD  -march=nocona -mtune=haswell -ftree-vectorize -fPIC -fstack-protector-strong -fno-plt -O2 -ffunction-sections -pipe -isystem /storage/gpfs_ds50/darkside/software/conda/envs/ds/include  -o CMakeFiles/cmTC_cd1d3.dir/src.c.o -c /storage/gpfs_ds50/darkside/users/omacfadyen/g4ds11_matteo/build/CMakeFiles/CMakeTmp/src.c
Linking C executable cmTC_cd1d3
/storage/gpfs_ds50/darkside/software/conda/envs/ds/bin/cmake -E cmake_link_script CMakeFiles/cmTC_cd1d3.dir/link.txt --verbose=1
/storage/gpfs_ds50/darkside/software/conda/envs/ds/bin/x86_64-conda-linux-gnu-cc -march=nocona -mtune=haswell -ftree-vectorize -fPIC -fstack-protector-strong -fno-plt -O2 -ffunction-sections -pipe -isystem /storage/gpfs_ds50/darkside/software/conda/envs/ds/include  -Wl,-O2 -Wl,--sort-common -Wl,--as-needed -Wl,-z,relro -Wl,-z,now -Wl,--disable-new-dtags -Wl,--gc-sections -Wl,--allow-shlib-undefined -Wl,-rpath,/storage/gpfs_ds50/darkside/software/conda/envs/ds/lib -Wl,-rpath-link,/storage/gpfs_ds50/darkside/software/conda/envs/ds/lib -L/storage/gpfs_ds50/darkside/software/conda/envs/ds/lib  CMakeFiles/cmTC_cd1d3.dir/src.c.o -o cmTC_cd1d3 
/storage/gpfs_ds50/darkside/software/conda/envs/ds/bin/../lib/gcc/x86_64-conda-linux-gnu/10.3.0/../../../../x86_64-conda-linux-gnu/bin/ld: CMakeFiles/cmTC_cd1d3.dir/src.c.o: in function `main':
src.c:(.text.startup.main+0x24): undefined reference to `pthread_create'
/storage/gpfs_ds50/darkside/software/conda/envs/ds/bin/../lib/gcc/x86_64-conda-linux-gnu/10.3.0/../../../../x86_64-conda-linux-gnu/bin/ld: src.c:(.text.startup.main+0x2e): undefined reference to `pthread_detach'
/storage/gpfs_ds50/darkside/software/conda/envs/ds/bin/../lib/gcc/x86_64-conda-linux-gnu/10.3.0/../../../../x86_64-conda-linux-gnu/bin/ld: src.c:(.text.startup.main+0x38): undefined reference to `pthread_cancel'
/storage/gpfs_ds50/darkside/software/conda/envs/ds/bin/../lib/gcc/x86_64-conda-linux-gnu/10.3.0/../../../../x86_64-conda-linux-gnu/bin/ld: src.c:(.text.startup.main+0x44): undefined reference to `pthread_join'
/storage/gpfs_ds50/darkside/software/conda/envs/ds/bin/../lib/gcc/x86_64-conda-linux-gnu/10.3.0/../../../../x86_64-conda-linux-gnu/bin/ld: src.c:(.text.startup.main+0x50): undefined reference to `pthread_atfork'
collect2: error: ld returned 1 exit status
gmake[1]: *** [cmTC_cd1d3] Error 1
gmake[1]: Leaving directory `/storage/gpfs_ds50/darkside/users/omacfadyen/g4ds11_matteo/build/CMakeFiles/CMakeTmp'
gmake: *** [cmTC_cd1d3/fast] Error 2


Source file was:
#include <pthread.h>

static void* test_func(void* data)
{
  return data;
}

int main(void)
{
  pthread_t thread;
  pthread_create(&thread, NULL, test_func, NULL);
  pthread_detach(thread);
  pthread_cancel(thread);
  pthread_join(thread, NULL);
  pthread_atfork(NULL, NULL, NULL);
  pthread_exit(NULL);

  return 0;
}

